<?xml version="1.0"?>
<!DOCTYPE coverage SYSTEM "http://cobertura.sourceforge.net/xml/coverage-04.dtd">

<coverage line-rate="0.07668944570994685" branch-rate="0.06053811659192825" lines-covered="101" lines-valid="1317" branches-covered="27" branches-valid="446" complexity="2.5384615384615383" version="2.0.3" timestamp="1392975955011">
	<sources>
		<source>--source</source>
		<source>/Users/Marc_Alx/Documents/Temp/TAGL/git/tagl/cron4j-mvn/src/main/java</source>
	</sources>
	<packages>
		<package name="it.sauronsoftware.cron4j" line-rate="0.07668944570994685" branch-rate="0.06053811659192825" complexity="2.5384615384615383">
			<classes>
				<class name="it.sauronsoftware.cron4j.AlwaysTrueValueMatcher" filename="it/sauronsoftware/cron4j/AlwaysTrueValueMatcher.java" line-rate="0.5" branch-rate="1.0" complexity="1.0">
					<methods>
						<method name="&lt;init&gt;" signature="()V" line-rate="1.0" branch-rate="1.0">
							<lines>
								<line number="26" hits="60" branch="false"/>
							</lines>
						</method>
						<method name="match" signature="(I)Z" line-rate="0.0" branch-rate="1.0">
							<lines>
								<line number="32" hits="0" branch="false"/>
							</lines>
						</method>
					</methods>
					<lines>
						<line number="26" hits="60" branch="false"/>
						<line number="32" hits="0" branch="false"/>
					</lines>
				</class>
				<class name="it.sauronsoftware.cron4j.App" filename="it/sauronsoftware/cron4j/App.java" line-rate="0.0" branch-rate="1.0" complexity="1.0">
					<methods>
						<method name="&lt;init&gt;" signature="()V" line-rate="0.0" branch-rate="1.0">
							<lines>
								<line number="7" hits="0" branch="false"/>
							</lines>
						</method>
						<method name="main" signature="([Ljava/lang/String;)V" line-rate="0.0" branch-rate="1.0">
							<lines>
								<line number="11" hits="0" branch="false"/>
								<line number="12" hits="0" branch="false"/>
							</lines>
						</method>
					</methods>
					<lines>
						<line number="7" hits="0" branch="false"/>
						<line number="11" hits="0" branch="false"/>
						<line number="12" hits="0" branch="false"/>
					</lines>
				</class>
				<class name="it.sauronsoftware.cron4j.CronParser" filename="it/sauronsoftware/cron4j/CronParser.java" line-rate="0.0" branch-rate="0.0" complexity="11.142857142857142">
					<methods>
						<method name="&lt;init&gt;" signature="()V" line-rate="0.0" branch-rate="1.0">
							<lines>
								<line number="167" hits="0" branch="false"/>
								<line number="168" hits="0" branch="false"/>
							</lines>
						</method>
						<method name="escape" signature="(Ljava/lang/String;)Ljava/lang/String;" line-rate="0.0" branch-rate="0.0">
							<lines>
								<line number="516" hits="0" branch="false"/>
								<line number="517" hits="0" branch="false"/>
								<line number="518" hits="0" branch="true" condition-coverage="0 % (0/2)">
									<conditions>
										<condition number="0" type="jump" coverage="0 %"/>
									</conditions>
								</line>
								<line number="519" hits="0" branch="false"/>
								<line number="520" hits="0" branch="false"/>
								<line number="521" hits="0" branch="true" condition-coverage="0 % (0/2)">
									<conditions>
										<condition number="0" type="jump" coverage="0 %"/>
									</conditions>
								</line>
								<line number="522" hits="0" branch="true" condition-coverage="0 % (0/2)">
									<conditions>
										<condition number="0" type="jump" coverage="0 %"/>
									</conditions>
								</line>
								<line number="523" hits="0" branch="false"/>
								<line number="524" hits="0" branch="true" condition-coverage="0 % (0/2)">
									<conditions>
										<condition number="0" type="jump" coverage="0 %"/>
									</conditions>
								</line>
								<line number="525" hits="0" branch="false"/>
								<line number="526" hits="0" branch="false"/>
								<line number="527" hits="0" branch="true" condition-coverage="0 % (0/2)">
									<conditions>
										<condition number="0" type="jump" coverage="0 %"/>
									</conditions>
								</line>
								<line number="528" hits="0" branch="false"/>
								<line number="529" hits="0" branch="false"/>
								<line number="530" hits="0" branch="true" condition-coverage="0 % (0/2)">
									<conditions>
										<condition number="0" type="jump" coverage="0 %"/>
									</conditions>
								</line>
								<line number="531" hits="0" branch="false"/>
								<line number="532" hits="0" branch="false"/>
								<line number="533" hits="0" branch="true" condition-coverage="0 % (0/2)">
									<conditions>
										<condition number="0" type="jump" coverage="0 %"/>
									</conditions>
								</line>
								<line number="534" hits="0" branch="false"/>
								<line number="535" hits="0" branch="false"/>
								<line number="536" hits="0" branch="true" condition-coverage="0 % (0/2)">
									<conditions>
										<condition number="0" type="jump" coverage="0 %"/>
									</conditions>
								</line>
								<line number="537" hits="0" branch="false"/>
								<line number="538" hits="0" branch="false"/>
								<line number="539" hits="0" branch="true" condition-coverage="0 % (0/2)">
									<conditions>
										<condition number="0" type="jump" coverage="0 %"/>
									</conditions>
								</line>
								<line number="540" hits="0" branch="false"/>
								<line number="541" hits="0" branch="false"/>
								<line number="542" hits="0" branch="true" condition-coverage="0 % (0/2)">
									<conditions>
										<condition number="0" type="jump" coverage="0 %"/>
									</conditions>
								</line>
								<line number="543" hits="0" branch="false"/>
								<line number="544" hits="0" branch="false"/>
								<line number="545" hits="0" branch="true" condition-coverage="0 % (0/2)">
									<conditions>
										<condition number="0" type="jump" coverage="0 %"/>
									</conditions>
								</line>
								<line number="546" hits="0" branch="false"/>
								<line number="547" hits="0" branch="false"/>
								<line number="548" hits="0" branch="true" condition-coverage="0 % (0/2)">
									<conditions>
										<condition number="0" type="jump" coverage="0 %"/>
									</conditions>
								</line>
								<line number="549" hits="0" branch="true" condition-coverage="0 % (0/2)">
									<conditions>
										<condition number="0" type="jump" coverage="0 %"/>
									</conditions>
								</line>
								<line number="550" hits="0" branch="false"/>
								<line number="552" hits="0" branch="false"/>
								<line number="553" hits="0" branch="true" condition-coverage="0 % (0/2)">
									<conditions>
										<condition number="0" type="jump" coverage="0 %"/>
									</conditions>
								</line>
								<line number="554" hits="0" branch="false"/>
								<line number="555" hits="0" branch="false"/>
								<line number="557" hits="0" branch="false"/>
								<line number="559" hits="0" branch="false"/>
								<line number="564" hits="0" branch="true" condition-coverage="0 % (0/2)">
									<conditions>
										<condition number="0" type="jump" coverage="0 %"/>
									</conditions>
								</line>
								<line number="565" hits="0" branch="false"/>
								<line number="567" hits="0" branch="false"/>
								<line number="570" hits="0" branch="false"/>
							</lines>
						</method>
						<method name="parse" signature="(Ljava/io/File;)Lit/sauronsoftware/cron4j/TaskTable;" line-rate="0.0" branch-rate="0.0">
							<lines>
								<line number="194" hits="0" branch="false"/>
								<line number="196" hits="0" branch="false"/>
								<line number="197" hits="0" branch="false"/>
								<line number="199" hits="0" branch="true" condition-coverage="0 % (0/2)">
									<conditions>
										<condition number="0" type="jump" coverage="0 %"/>
									</conditions>
								</line>
								<line number="201" hits="0" branch="false"/>
								<line number="202" hits="0" branch="false"/>
								<line number="204" hits="0" branch="false"/>
							</lines>
						</method>
						<method name="parse" signature="(Ljava/io/InputStream;)Lit/sauronsoftware/cron4j/TaskTable;" line-rate="0.0" branch-rate="1.0">
							<lines>
								<line number="273" hits="0" branch="false"/>
							</lines>
						</method>
						<method name="parse" signature="(Ljava/io/Reader;)Lit/sauronsoftware/cron4j/TaskTable;" line-rate="0.0" branch-rate="0.0">
							<lines>
								<line number="294" hits="0" branch="false"/>
								<line number="295" hits="0" branch="false"/>
								<line number="298" hits="0" branch="true" condition-coverage="0 % (0/2)">
									<conditions>
										<condition number="0" type="jump" coverage="0 %"/>
									</conditions>
								</line>
								<line number="300" hits="0" branch="false"/>
								<line number="301" hits="0" branch="false"/>
								<line number="302" hits="0" branch="false"/>
								<line number="303" hits="0" branch="false"/>
								<line number="304" hits="0" branch="false"/>
								<line number="307" hits="0" branch="false"/>
								<line number="308" hits="0" branch="false"/>
								<line number="309" hits="0" branch="false"/>
							</lines>
						</method>
						<method name="parse" signature="(Ljava/net/URL;)Lit/sauronsoftware/cron4j/TaskTable;" line-rate="0.0" branch-rate="0.0">
							<lines>
								<line number="234" hits="0" branch="false"/>
								<line number="236" hits="0" branch="false"/>
								<line number="237" hits="0" branch="false"/>
								<line number="239" hits="0" branch="true" condition-coverage="0 % (0/2)">
									<conditions>
										<condition number="0" type="jump" coverage="0 %"/>
									</conditions>
								</line>
								<line number="241" hits="0" branch="false"/>
								<line number="242" hits="0" branch="false"/>
								<line number="244" hits="0" branch="false"/>
							</lines>
						</method>
						<method name="parseLine" signature="(Lit/sauronsoftware/cron4j/TaskTable;Ljava/lang/String;)V" line-rate="0.0" branch-rate="0.0">
							<lines>
								<line number="324" hits="0" branch="false"/>
								<line number="325" hits="0" branch="true" condition-coverage="0 % (0/4)">
									<conditions>
										<condition number="0" type="jump" coverage="0 %"/>
										<condition number="1" type="jump" coverage="0 %"/>
									</conditions>
								</line>
								<line number="326" hits="0" branch="false"/>
								<line number="329" hits="0" branch="false"/>
								<line number="330" hits="0" branch="false"/>
								<line number="331" hits="0" branch="true" condition-coverage="0 % (0/2)">
									<conditions>
										<condition number="0" type="jump" coverage="0 %"/>
									</conditions>
								</line>
								<line number="332" hits="0" branch="false"/>
								<line number="333" hits="0" branch="true" condition-coverage="0 % (0/2)">
									<conditions>
										<condition number="0" type="jump" coverage="0 %"/>
									</conditions>
								</line>
								<line number="334" hits="0" branch="false"/>
								<line number="335" hits="0" branch="false"/>
								<line number="338" hits="0" branch="true" condition-coverage="0 % (0/2)">
									<conditions>
										<condition number="0" type="jump" coverage="0 %"/>
									</conditions>
								</line>
								<line number="339" hits="0" branch="false"/>
								<line number="341" hits="0" branch="false"/>
								<line number="342" hits="0" branch="false"/>
								<line number="344" hits="0" branch="false"/>
								<line number="345" hits="0" branch="false"/>
								<line number="346" hits="0" branch="false"/>
								<line number="347" hits="0" branch="true" condition-coverage="0 % (0/2)">
									<conditions>
										<condition number="0" type="jump" coverage="0 %"/>
									</conditions>
								</line>
								<line number="348" hits="0" branch="false"/>
								<line number="349" hits="0" branch="true" condition-coverage="0 % (0/2)">
									<conditions>
										<condition number="0" type="jump" coverage="0 %"/>
									</conditions>
								</line>
								<line number="350" hits="0" branch="true" condition-coverage="0 % (0/2)">
									<conditions>
										<condition number="0" type="jump" coverage="0 %"/>
									</conditions>
								</line>
								<line number="351" hits="0" branch="false"/>
								<line number="352" hits="0" branch="false"/>
								<line number="353" hits="0" branch="true" condition-coverage="0 % (0/2)">
									<conditions>
										<condition number="0" type="jump" coverage="0 %"/>
									</conditions>
								</line>
								<line number="354" hits="0" branch="false"/>
								<line number="355" hits="0" branch="false"/>
								<line number="356" hits="0" branch="false"/>
								<line number="360" hits="0" branch="true" condition-coverage="0 % (0/2)">
									<conditions>
										<condition number="0" type="jump" coverage="0 %"/>
									</conditions>
								</line>
								<line number="361" hits="0" branch="true" condition-coverage="0 % (0/2)">
									<conditions>
										<condition number="0" type="jump" coverage="0 %"/>
									</conditions>
								</line>
								<line number="363" hits="0" branch="true" condition-coverage="0 % (0/2)">
									<conditions>
										<condition number="0" type="jump" coverage="0 %"/>
									</conditions>
								</line>
								<line number="365" hits="0" branch="true" condition-coverage="0 % (0/2)">
									<conditions>
										<condition number="0" type="jump" coverage="0 %"/>
									</conditions>
								</line>
								<line number="366" hits="0" branch="true" condition-coverage="0 % (0/4)">
									<conditions>
										<condition number="0" type="jump" coverage="0 %"/>
										<condition number="1" type="jump" coverage="0 %"/>
									</conditions>
								</line>
								<line number="367" hits="0" branch="false"/>
								<line number="368" hits="0" branch="true" condition-coverage="0 % (0/2)">
									<conditions>
										<condition number="0" type="jump" coverage="0 %"/>
									</conditions>
								</line>
								<line number="369" hits="0" branch="false"/>
								<line number="371" hits="0" branch="false"/>
								<line number="373" hits="0" branch="false"/>
								<line number="375" hits="0" branch="false"/>
								<line number="379" hits="0" branch="true" condition-coverage="0 % (0/4)">
									<conditions>
										<condition number="0" type="jump" coverage="0 %"/>
										<condition number="1" type="jump" coverage="0 %"/>
									</conditions>
								</line>
								<line number="380" hits="0" branch="false"/>
								<line number="381" hits="0" branch="true" condition-coverage="0 % (0/2)">
									<conditions>
										<condition number="0" type="jump" coverage="0 %"/>
									</conditions>
								</line>
								<line number="382" hits="0" branch="false"/>
								<line number="384" hits="0" branch="false"/>
								<line number="385" hits="0" branch="false"/>
								<line number="388" hits="0" branch="false"/>
								<line number="389" hits="0" branch="false"/>
								<line number="393" hits="0" branch="false"/>
								<line number="394" hits="0" branch="false"/>
								<line number="395" hits="0" branch="false"/>
								<line number="396" hits="0" branch="false"/>
								<line number="397" hits="0" branch="false"/>
								<line number="398" hits="0" branch="false"/>
								<line number="399" hits="0" branch="false"/>
								<line number="400" hits="0" branch="true" condition-coverage="0 % (0/2)">
									<conditions>
										<condition number="0" type="jump" coverage="0 %"/>
									</conditions>
								</line>
								<line number="401" hits="0" branch="false"/>
								<line number="403" hits="0" branch="true" condition-coverage="0 % (0/2)">
									<conditions>
										<condition number="0" type="jump" coverage="0 %"/>
									</conditions>
								</line>
								<line number="405" hits="0" branch="true" condition-coverage="0 % (0/2)">
									<conditions>
										<condition number="0" type="jump" coverage="0 %"/>
									</conditions>
								</line>
								<line number="406" hits="0" branch="false"/>
								<line number="407" hits="0" branch="false"/>
								<line number="408" hits="0" branch="true" condition-coverage="0 % (0/2)">
									<conditions>
										<condition number="0" type="jump" coverage="0 %"/>
									</conditions>
								</line>
								<line number="409" hits="0" branch="false"/>
								<line number="410" hits="0" branch="false"/>
								<line number="411" hits="0" branch="true" condition-coverage="0 % (0/2)">
									<conditions>
										<condition number="0" type="jump" coverage="0 %"/>
									</conditions>
								</line>
								<line number="412" hits="0" branch="false"/>
								<line number="413" hits="0" branch="false"/>
								<line number="414" hits="0" branch="true" condition-coverage="0 % (0/2)">
									<conditions>
										<condition number="0" type="jump" coverage="0 %"/>
									</conditions>
								</line>
								<line number="415" hits="0" branch="false"/>
								<line number="416" hits="0" branch="false"/>
								<line number="417" hits="0" branch="true" condition-coverage="0 % (0/2)">
									<conditions>
										<condition number="0" type="jump" coverage="0 %"/>
									</conditions>
								</line>
								<line number="418" hits="0" branch="false"/>
								<line number="419" hits="0" branch="false"/>
								<line number="421" hits="0" branch="false"/>
								<line number="424" hits="0" branch="true" condition-coverage="0 % (0/2)">
									<conditions>
										<condition number="0" type="jump" coverage="0 %"/>
									</conditions>
								</line>
								<line number="426" hits="0" branch="true" condition-coverage="0 % (0/2)">
									<conditions>
										<condition number="0" type="jump" coverage="0 %"/>
									</conditions>
								</line>
								<line number="427" hits="0" branch="false"/>
								<line number="429" hits="0" branch="false"/>
								<line number="436" hits="0" branch="true" condition-coverage="0 % (0/2)">
									<conditions>
										<condition number="0" type="jump" coverage="0 %"/>
									</conditions>
								</line>
								<line number="438" hits="0" branch="false"/>
								<line number="439" hits="0" branch="true" condition-coverage="0 % (0/2)">
									<conditions>
										<condition number="0" type="jump" coverage="0 %"/>
									</conditions>
								</line>
								<line number="441" hits="0" branch="false"/>
								<line number="442" hits="0" branch="true" condition-coverage="0 % (0/2)">
									<conditions>
										<condition number="0" type="jump" coverage="0 %"/>
									</conditions>
								</line>
								<line number="443" hits="0" branch="false"/>
								<line number="446" hits="0" branch="false"/>
								<line number="447" hits="0" branch="true" condition-coverage="0 % (0/2)">
									<conditions>
										<condition number="0" type="jump" coverage="0 %"/>
									</conditions>
								</line>
								<line number="448" hits="0" branch="false"/>
								<line number="450" hits="0" branch="false"/>
								<line number="451" hits="0" branch="false"/>
								<line number="452" hits="0" branch="true" condition-coverage="0 % (0/2)">
									<conditions>
										<condition number="0" type="jump" coverage="0 %"/>
									</conditions>
								</line>
								<line number="453" hits="0" branch="false"/>
								<line number="457" hits="0" branch="false"/>
								<line number="458" hits="0" branch="true" condition-coverage="0 % (0/2)">
									<conditions>
										<condition number="0" type="jump" coverage="0 %"/>
									</conditions>
								</line>
								<line number="459" hits="0" branch="false"/>
								<line number="461" hits="0" branch="false"/>
								<line number="462" hits="0" branch="false"/>
								<line number="464" hits="0" branch="false"/>
								<line number="465" hits="0" branch="false"/>
								<line number="466" hits="0" branch="true" condition-coverage="0 % (0/2)">
									<conditions>
										<condition number="0" type="jump" coverage="0 %"/>
									</conditions>
								</line>
								<line number="467" hits="0" branch="false"/>
								<line number="470" hits="0" branch="false"/>
								<line number="471" hits="0" branch="false"/>
								<line number="472" hits="0" branch="true" condition-coverage="0 % (0/2)">
									<conditions>
										<condition number="0" type="jump" coverage="0 %"/>
									</conditions>
								</line>
								<line number="473" hits="0" branch="false"/>
								<line number="474" hits="0" branch="true" condition-coverage="0 % (0/2)">
									<conditions>
										<condition number="0" type="jump" coverage="0 %"/>
									</conditions>
								</line>
								<line number="475" hits="0" branch="false"/>
								<line number="479" hits="0" branch="false"/>
								<line number="480" hits="0" branch="true" condition-coverage="0 % (0/2)">
									<conditions>
										<condition number="0" type="jump" coverage="0 %"/>
									</conditions>
								</line>
								<line number="481" hits="0" branch="false"/>
								<line number="482" hits="0" branch="true" condition-coverage="0 % (0/4)">
									<conditions>
										<condition number="0" type="jump" coverage="0 %"/>
										<condition number="1" type="jump" coverage="0 %"/>
									</conditions>
								</line>
								<line number="483" hits="0" branch="false"/>
								<line number="491" hits="0" branch="false"/>
								<line number="493" hits="0" branch="true" condition-coverage="0 % (0/2)">
									<conditions>
										<condition number="0" type="jump" coverage="0 %"/>
									</conditions>
								</line>
								<line number="494" hits="0" branch="false"/>
								<line number="496" hits="0" branch="true" condition-coverage="0 % (0/2)">
									<conditions>
										<condition number="0" type="jump" coverage="0 %"/>
									</conditions>
								</line>
								<line number="497" hits="0" branch="false"/>
								<line number="499" hits="0" branch="true" condition-coverage="0 % (0/2)">
									<conditions>
										<condition number="0" type="jump" coverage="0 %"/>
									</conditions>
								</line>
								<line number="500" hits="0" branch="false"/>
								<line number="502" hits="0" branch="false"/>
								<line number="505" hits="0" branch="false"/>
								<line number="506" hits="0" branch="false"/>
							</lines>
						</method>
					</methods>
					<lines>
						<line number="167" hits="0" branch="false"/>
						<line number="168" hits="0" branch="false"/>
						<line number="194" hits="0" branch="false"/>
						<line number="196" hits="0" branch="false"/>
						<line number="197" hits="0" branch="false"/>
						<line number="199" hits="0" branch="true" condition-coverage="0 % (0/2)">
							<conditions>
								<condition number="0" type="jump" coverage="0 %"/>
							</conditions>
						</line>
						<line number="201" hits="0" branch="false"/>
						<line number="202" hits="0" branch="false"/>
						<line number="204" hits="0" branch="false"/>
						<line number="234" hits="0" branch="false"/>
						<line number="236" hits="0" branch="false"/>
						<line number="237" hits="0" branch="false"/>
						<line number="239" hits="0" branch="true" condition-coverage="0 % (0/2)">
							<conditions>
								<condition number="0" type="jump" coverage="0 %"/>
							</conditions>
						</line>
						<line number="241" hits="0" branch="false"/>
						<line number="242" hits="0" branch="false"/>
						<line number="244" hits="0" branch="false"/>
						<line number="273" hits="0" branch="false"/>
						<line number="294" hits="0" branch="false"/>
						<line number="295" hits="0" branch="false"/>
						<line number="298" hits="0" branch="true" condition-coverage="0 % (0/2)">
							<conditions>
								<condition number="0" type="jump" coverage="0 %"/>
							</conditions>
						</line>
						<line number="300" hits="0" branch="false"/>
						<line number="301" hits="0" branch="false"/>
						<line number="302" hits="0" branch="false"/>
						<line number="303" hits="0" branch="false"/>
						<line number="304" hits="0" branch="false"/>
						<line number="307" hits="0" branch="false"/>
						<line number="308" hits="0" branch="false"/>
						<line number="309" hits="0" branch="false"/>
						<line number="324" hits="0" branch="false"/>
						<line number="325" hits="0" branch="true" condition-coverage="0 % (0/4)">
							<conditions>
								<condition number="0" type="jump" coverage="0 %"/>
								<condition number="1" type="jump" coverage="0 %"/>
							</conditions>
						</line>
						<line number="326" hits="0" branch="false"/>
						<line number="329" hits="0" branch="false"/>
						<line number="330" hits="0" branch="false"/>
						<line number="331" hits="0" branch="true" condition-coverage="0 % (0/2)">
							<conditions>
								<condition number="0" type="jump" coverage="0 %"/>
							</conditions>
						</line>
						<line number="332" hits="0" branch="false"/>
						<line number="333" hits="0" branch="true" condition-coverage="0 % (0/2)">
							<conditions>
								<condition number="0" type="jump" coverage="0 %"/>
							</conditions>
						</line>
						<line number="334" hits="0" branch="false"/>
						<line number="335" hits="0" branch="false"/>
						<line number="338" hits="0" branch="true" condition-coverage="0 % (0/2)">
							<conditions>
								<condition number="0" type="jump" coverage="0 %"/>
							</conditions>
						</line>
						<line number="339" hits="0" branch="false"/>
						<line number="341" hits="0" branch="false"/>
						<line number="342" hits="0" branch="false"/>
						<line number="344" hits="0" branch="false"/>
						<line number="345" hits="0" branch="false"/>
						<line number="346" hits="0" branch="false"/>
						<line number="347" hits="0" branch="true" condition-coverage="0 % (0/2)">
							<conditions>
								<condition number="0" type="jump" coverage="0 %"/>
							</conditions>
						</line>
						<line number="348" hits="0" branch="false"/>
						<line number="349" hits="0" branch="true" condition-coverage="0 % (0/2)">
							<conditions>
								<condition number="0" type="jump" coverage="0 %"/>
							</conditions>
						</line>
						<line number="350" hits="0" branch="true" condition-coverage="0 % (0/2)">
							<conditions>
								<condition number="0" type="jump" coverage="0 %"/>
							</conditions>
						</line>
						<line number="351" hits="0" branch="false"/>
						<line number="352" hits="0" branch="false"/>
						<line number="353" hits="0" branch="true" condition-coverage="0 % (0/2)">
							<conditions>
								<condition number="0" type="jump" coverage="0 %"/>
							</conditions>
						</line>
						<line number="354" hits="0" branch="false"/>
						<line number="355" hits="0" branch="false"/>
						<line number="356" hits="0" branch="false"/>
						<line number="360" hits="0" branch="true" condition-coverage="0 % (0/2)">
							<conditions>
								<condition number="0" type="jump" coverage="0 %"/>
							</conditions>
						</line>
						<line number="361" hits="0" branch="true" condition-coverage="0 % (0/2)">
							<conditions>
								<condition number="0" type="jump" coverage="0 %"/>
							</conditions>
						</line>
						<line number="363" hits="0" branch="true" condition-coverage="0 % (0/2)">
							<conditions>
								<condition number="0" type="jump" coverage="0 %"/>
							</conditions>
						</line>
						<line number="365" hits="0" branch="true" condition-coverage="0 % (0/2)">
							<conditions>
								<condition number="0" type="jump" coverage="0 %"/>
							</conditions>
						</line>
						<line number="366" hits="0" branch="true" condition-coverage="0 % (0/4)">
							<conditions>
								<condition number="0" type="jump" coverage="0 %"/>
								<condition number="1" type="jump" coverage="0 %"/>
							</conditions>
						</line>
						<line number="367" hits="0" branch="false"/>
						<line number="368" hits="0" branch="true" condition-coverage="0 % (0/2)">
							<conditions>
								<condition number="0" type="jump" coverage="0 %"/>
							</conditions>
						</line>
						<line number="369" hits="0" branch="false"/>
						<line number="371" hits="0" branch="false"/>
						<line number="373" hits="0" branch="false"/>
						<line number="375" hits="0" branch="false"/>
						<line number="379" hits="0" branch="true" condition-coverage="0 % (0/4)">
							<conditions>
								<condition number="0" type="jump" coverage="0 %"/>
								<condition number="1" type="jump" coverage="0 %"/>
							</conditions>
						</line>
						<line number="380" hits="0" branch="false"/>
						<line number="381" hits="0" branch="true" condition-coverage="0 % (0/2)">
							<conditions>
								<condition number="0" type="jump" coverage="0 %"/>
							</conditions>
						</line>
						<line number="382" hits="0" branch="false"/>
						<line number="384" hits="0" branch="false"/>
						<line number="385" hits="0" branch="false"/>
						<line number="388" hits="0" branch="false"/>
						<line number="389" hits="0" branch="false"/>
						<line number="393" hits="0" branch="false"/>
						<line number="394" hits="0" branch="false"/>
						<line number="395" hits="0" branch="false"/>
						<line number="396" hits="0" branch="false"/>
						<line number="397" hits="0" branch="false"/>
						<line number="398" hits="0" branch="false"/>
						<line number="399" hits="0" branch="false"/>
						<line number="400" hits="0" branch="true" condition-coverage="0 % (0/2)">
							<conditions>
								<condition number="0" type="jump" coverage="0 %"/>
							</conditions>
						</line>
						<line number="401" hits="0" branch="false"/>
						<line number="403" hits="0" branch="true" condition-coverage="0 % (0/2)">
							<conditions>
								<condition number="0" type="jump" coverage="0 %"/>
							</conditions>
						</line>
						<line number="405" hits="0" branch="true" condition-coverage="0 % (0/2)">
							<conditions>
								<condition number="0" type="jump" coverage="0 %"/>
							</conditions>
						</line>
						<line number="406" hits="0" branch="false"/>
						<line number="407" hits="0" branch="false"/>
						<line number="408" hits="0" branch="true" condition-coverage="0 % (0/2)">
							<conditions>
								<condition number="0" type="jump" coverage="0 %"/>
							</conditions>
						</line>
						<line number="409" hits="0" branch="false"/>
						<line number="410" hits="0" branch="false"/>
						<line number="411" hits="0" branch="true" condition-coverage="0 % (0/2)">
							<conditions>
								<condition number="0" type="jump" coverage="0 %"/>
							</conditions>
						</line>
						<line number="412" hits="0" branch="false"/>
						<line number="413" hits="0" branch="false"/>
						<line number="414" hits="0" branch="true" condition-coverage="0 % (0/2)">
							<conditions>
								<condition number="0" type="jump" coverage="0 %"/>
							</conditions>
						</line>
						<line number="415" hits="0" branch="false"/>
						<line number="416" hits="0" branch="false"/>
						<line number="417" hits="0" branch="true" condition-coverage="0 % (0/2)">
							<conditions>
								<condition number="0" type="jump" coverage="0 %"/>
							</conditions>
						</line>
						<line number="418" hits="0" branch="false"/>
						<line number="419" hits="0" branch="false"/>
						<line number="421" hits="0" branch="false"/>
						<line number="424" hits="0" branch="true" condition-coverage="0 % (0/2)">
							<conditions>
								<condition number="0" type="jump" coverage="0 %"/>
							</conditions>
						</line>
						<line number="426" hits="0" branch="true" condition-coverage="0 % (0/2)">
							<conditions>
								<condition number="0" type="jump" coverage="0 %"/>
							</conditions>
						</line>
						<line number="427" hits="0" branch="false"/>
						<line number="429" hits="0" branch="false"/>
						<line number="436" hits="0" branch="true" condition-coverage="0 % (0/2)">
							<conditions>
								<condition number="0" type="jump" coverage="0 %"/>
							</conditions>
						</line>
						<line number="438" hits="0" branch="false"/>
						<line number="439" hits="0" branch="true" condition-coverage="0 % (0/2)">
							<conditions>
								<condition number="0" type="jump" coverage="0 %"/>
							</conditions>
						</line>
						<line number="441" hits="0" branch="false"/>
						<line number="442" hits="0" branch="true" condition-coverage="0 % (0/2)">
							<conditions>
								<condition number="0" type="jump" coverage="0 %"/>
							</conditions>
						</line>
						<line number="443" hits="0" branch="false"/>
						<line number="446" hits="0" branch="false"/>
						<line number="447" hits="0" branch="true" condition-coverage="0 % (0/2)">
							<conditions>
								<condition number="0" type="jump" coverage="0 %"/>
							</conditions>
						</line>
						<line number="448" hits="0" branch="false"/>
						<line number="450" hits="0" branch="false"/>
						<line number="451" hits="0" branch="false"/>
						<line number="452" hits="0" branch="true" condition-coverage="0 % (0/2)">
							<conditions>
								<condition number="0" type="jump" coverage="0 %"/>
							</conditions>
						</line>
						<line number="453" hits="0" branch="false"/>
						<line number="457" hits="0" branch="false"/>
						<line number="458" hits="0" branch="true" condition-coverage="0 % (0/2)">
							<conditions>
								<condition number="0" type="jump" coverage="0 %"/>
							</conditions>
						</line>
						<line number="459" hits="0" branch="false"/>
						<line number="461" hits="0" branch="false"/>
						<line number="462" hits="0" branch="false"/>
						<line number="464" hits="0" branch="false"/>
						<line number="465" hits="0" branch="false"/>
						<line number="466" hits="0" branch="true" condition-coverage="0 % (0/2)">
							<conditions>
								<condition number="0" type="jump" coverage="0 %"/>
							</conditions>
						</line>
						<line number="467" hits="0" branch="false"/>
						<line number="470" hits="0" branch="false"/>
						<line number="471" hits="0" branch="false"/>
						<line number="472" hits="0" branch="true" condition-coverage="0 % (0/2)">
							<conditions>
								<condition number="0" type="jump" coverage="0 %"/>
							</conditions>
						</line>
						<line number="473" hits="0" branch="false"/>
						<line number="474" hits="0" branch="true" condition-coverage="0 % (0/2)">
							<conditions>
								<condition number="0" type="jump" coverage="0 %"/>
							</conditions>
						</line>
						<line number="475" hits="0" branch="false"/>
						<line number="479" hits="0" branch="false"/>
						<line number="480" hits="0" branch="true" condition-coverage="0 % (0/2)">
							<conditions>
								<condition number="0" type="jump" coverage="0 %"/>
							</conditions>
						</line>
						<line number="481" hits="0" branch="false"/>
						<line number="482" hits="0" branch="true" condition-coverage="0 % (0/4)">
							<conditions>
								<condition number="0" type="jump" coverage="0 %"/>
								<condition number="1" type="jump" coverage="0 %"/>
							</conditions>
						</line>
						<line number="483" hits="0" branch="false"/>
						<line number="491" hits="0" branch="false"/>
						<line number="493" hits="0" branch="true" condition-coverage="0 % (0/2)">
							<conditions>
								<condition number="0" type="jump" coverage="0 %"/>
							</conditions>
						</line>
						<line number="494" hits="0" branch="false"/>
						<line number="496" hits="0" branch="true" condition-coverage="0 % (0/2)">
							<conditions>
								<condition number="0" type="jump" coverage="0 %"/>
							</conditions>
						</line>
						<line number="497" hits="0" branch="false"/>
						<line number="499" hits="0" branch="true" condition-coverage="0 % (0/2)">
							<conditions>
								<condition number="0" type="jump" coverage="0 %"/>
							</conditions>
						</line>
						<line number="500" hits="0" branch="false"/>
						<line number="502" hits="0" branch="false"/>
						<line number="505" hits="0" branch="false"/>
						<line number="506" hits="0" branch="false"/>
						<line number="516" hits="0" branch="false"/>
						<line number="517" hits="0" branch="false"/>
						<line number="518" hits="0" branch="true" condition-coverage="0 % (0/2)">
							<conditions>
								<condition number="0" type="jump" coverage="0 %"/>
							</conditions>
						</line>
						<line number="519" hits="0" branch="false"/>
						<line number="520" hits="0" branch="false"/>
						<line number="521" hits="0" branch="true" condition-coverage="0 % (0/2)">
							<conditions>
								<condition number="0" type="jump" coverage="0 %"/>
							</conditions>
						</line>
						<line number="522" hits="0" branch="true" condition-coverage="0 % (0/2)">
							<conditions>
								<condition number="0" type="jump" coverage="0 %"/>
							</conditions>
						</line>
						<line number="523" hits="0" branch="false"/>
						<line number="524" hits="0" branch="true" condition-coverage="0 % (0/2)">
							<conditions>
								<condition number="0" type="jump" coverage="0 %"/>
							</conditions>
						</line>
						<line number="525" hits="0" branch="false"/>
						<line number="526" hits="0" branch="false"/>
						<line number="527" hits="0" branch="true" condition-coverage="0 % (0/2)">
							<conditions>
								<condition number="0" type="jump" coverage="0 %"/>
							</conditions>
						</line>
						<line number="528" hits="0" branch="false"/>
						<line number="529" hits="0" branch="false"/>
						<line number="530" hits="0" branch="true" condition-coverage="0 % (0/2)">
							<conditions>
								<condition number="0" type="jump" coverage="0 %"/>
							</conditions>
						</line>
						<line number="531" hits="0" branch="false"/>
						<line number="532" hits="0" branch="false"/>
						<line number="533" hits="0" branch="true" condition-coverage="0 % (0/2)">
							<conditions>
								<condition number="0" type="jump" coverage="0 %"/>
							</conditions>
						</line>
						<line number="534" hits="0" branch="false"/>
						<line number="535" hits="0" branch="false"/>
						<line number="536" hits="0" branch="true" condition-coverage="0 % (0/2)">
							<conditions>
								<condition number="0" type="jump" coverage="0 %"/>
							</conditions>
						</line>
						<line number="537" hits="0" branch="false"/>
						<line number="538" hits="0" branch="false"/>
						<line number="539" hits="0" branch="true" condition-coverage="0 % (0/2)">
							<conditions>
								<condition number="0" type="jump" coverage="0 %"/>
							</conditions>
						</line>
						<line number="540" hits="0" branch="false"/>
						<line number="541" hits="0" branch="false"/>
						<line number="542" hits="0" branch="true" condition-coverage="0 % (0/2)">
							<conditions>
								<condition number="0" type="jump" coverage="0 %"/>
							</conditions>
						</line>
						<line number="543" hits="0" branch="false"/>
						<line number="544" hits="0" branch="false"/>
						<line number="545" hits="0" branch="true" condition-coverage="0 % (0/2)">
							<conditions>
								<condition number="0" type="jump" coverage="0 %"/>
							</conditions>
						</line>
						<line number="546" hits="0" branch="false"/>
						<line number="547" hits="0" branch="false"/>
						<line number="548" hits="0" branch="true" condition-coverage="0 % (0/2)">
							<conditions>
								<condition number="0" type="jump" coverage="0 %"/>
							</conditions>
						</line>
						<line number="549" hits="0" branch="true" condition-coverage="0 % (0/2)">
							<conditions>
								<condition number="0" type="jump" coverage="0 %"/>
							</conditions>
						</line>
						<line number="550" hits="0" branch="false"/>
						<line number="552" hits="0" branch="false"/>
						<line number="553" hits="0" branch="true" condition-coverage="0 % (0/2)">
							<conditions>
								<condition number="0" type="jump" coverage="0 %"/>
							</conditions>
						</line>
						<line number="554" hits="0" branch="false"/>
						<line number="555" hits="0" branch="false"/>
						<line number="557" hits="0" branch="false"/>
						<line number="559" hits="0" branch="false"/>
						<line number="564" hits="0" branch="true" condition-coverage="0 % (0/2)">
							<conditions>
								<condition number="0" type="jump" coverage="0 %"/>
							</conditions>
						</line>
						<line number="565" hits="0" branch="false"/>
						<line number="567" hits="0" branch="false"/>
						<line number="570" hits="0" branch="false"/>
					</lines>
				</class>
				<class name="it.sauronsoftware.cron4j.DayOfMonthValueMatcher" filename="it/sauronsoftware/cron4j/DayOfMonthValueMatcher.java" line-rate="0.0" branch-rate="0.0" complexity="3.0">
					<methods>
						<method name="&lt;clinit&gt;" signature="()V" line-rate="0.0" branch-rate="1.0">
							<lines>
								<line number="34" hits="0" branch="false"/>
							</lines>
						</method>
						<method name="&lt;init&gt;" signature="(Ljava/util/ArrayList;)V" line-rate="0.0" branch-rate="1.0">
							<lines>
								<line number="46" hits="0" branch="false"/>
								<line number="47" hits="0" branch="false"/>
							</lines>
						</method>
						<method name="isLastDayOfMonth" signature="(IIZ)Z" line-rate="0.0" branch-rate="0.0">
							<lines>
								<line number="58" hits="0" branch="true" condition-coverage="0 % (0/4)">
									<conditions>
										<condition number="0" type="jump" coverage="0 %"/>
										<condition number="1" type="jump" coverage="0 %"/>
									</conditions>
								</line>
								<line number="59" hits="0" branch="true" condition-coverage="0 % (0/2)">
									<conditions>
										<condition number="0" type="jump" coverage="0 %"/>
									</conditions>
								</line>
								<line number="61" hits="0" branch="true" condition-coverage="0 % (0/2)">
									<conditions>
										<condition number="0" type="jump" coverage="0 %"/>
									</conditions>
								</line>
							</lines>
						</method>
						<method name="match" signature="(IIZ)Z" line-rate="0.0" branch-rate="0.0">
							<lines>
								<line number="54" hits="0" branch="true" condition-coverage="0 % (0/8)">
									<conditions>
										<condition number="0" type="jump" coverage="0 %"/>
										<condition number="1" type="jump" coverage="0 %"/>
										<condition number="2" type="jump" coverage="0 %"/>
										<condition number="3" type="jump" coverage="0 %"/>
									</conditions>
								</line>
							</lines>
						</method>
					</methods>
					<lines>
						<line number="34" hits="0" branch="false"/>
						<line number="46" hits="0" branch="false"/>
						<line number="47" hits="0" branch="false"/>
						<line number="54" hits="0" branch="true" condition-coverage="0 % (0/8)">
							<conditions>
								<condition number="0" type="jump" coverage="0 %"/>
								<condition number="1" type="jump" coverage="0 %"/>
								<condition number="2" type="jump" coverage="0 %"/>
								<condition number="3" type="jump" coverage="0 %"/>
							</conditions>
						</line>
						<line number="58" hits="0" branch="true" condition-coverage="0 % (0/4)">
							<conditions>
								<condition number="0" type="jump" coverage="0 %"/>
								<condition number="1" type="jump" coverage="0 %"/>
							</conditions>
						</line>
						<line number="59" hits="0" branch="true" condition-coverage="0 % (0/2)">
							<conditions>
								<condition number="0" type="jump" coverage="0 %"/>
							</conditions>
						</line>
						<line number="61" hits="0" branch="true" condition-coverage="0 % (0/2)">
							<conditions>
								<condition number="0" type="jump" coverage="0 %"/>
							</conditions>
						</line>
					</lines>
				</class>
				<class name="it.sauronsoftware.cron4j.FileTaskCollector" filename="it/sauronsoftware/cron4j/FileTaskCollector.java" line-rate="0.0" branch-rate="0.0" complexity="2.25">
					<methods>
						<method name="&lt;init&gt;" signature="()V" line-rate="0.0" branch-rate="1.0">
							<lines>
								<line number="34" hits="0" branch="false"/>
								<line number="39" hits="0" branch="false"/>
							</lines>
						</method>
						<method name="addFile" signature="(Ljava/io/File;)V" line-rate="0.0" branch-rate="1.0">
							<lines>
								<line number="48" hits="0" branch="false"/>
								<line number="49" hits="0" branch="false"/>
							</lines>
						</method>
						<method name="getFiles" signature="()[Ljava/io/File;" line-rate="0.0" branch-rate="0.0">
							<lines>
								<line number="67" hits="0" branch="false"/>
								<line number="68" hits="0" branch="false"/>
								<line number="69" hits="0" branch="true" condition-coverage="0 % (0/2)">
									<conditions>
										<condition number="0" type="jump" coverage="0 %"/>
									</conditions>
								</line>
								<line number="70" hits="0" branch="false"/>
								<line number="72" hits="0" branch="false"/>
							</lines>
						</method>
						<method name="getTasks" signature="()Lit/sauronsoftware/cron4j/TaskTable;" line-rate="0.0" branch-rate="0.0">
							<lines>
								<line number="79" hits="0" branch="false"/>
								<line number="80" hits="0" branch="false"/>
								<line number="81" hits="0" branch="true" condition-coverage="0 % (0/2)">
									<conditions>
										<condition number="0" type="jump" coverage="0 %"/>
									</conditions>
								</line>
								<line number="82" hits="0" branch="false"/>
								<line number="83" hits="0" branch="false"/>
								<line number="85" hits="0" branch="false"/>
								<line number="86" hits="0" branch="false"/>
								<line number="87" hits="0" branch="false"/>
								<line number="89" hits="0" branch="false"/>
								<line number="90" hits="0" branch="false"/>
								<line number="91" hits="0" branch="true" condition-coverage="0 % (0/2)">
									<conditions>
										<condition number="0" type="jump" coverage="0 %"/>
									</conditions>
								</line>
								<line number="92" hits="0" branch="false"/>
								<line number="93" hits="0" branch="true" condition-coverage="0 % (0/2)">
									<conditions>
										<condition number="0" type="jump" coverage="0 %"/>
									</conditions>
								</line>
								<line number="94" hits="0" branch="false"/>
								<line number="98" hits="0" branch="false"/>
							</lines>
						</method>
						<method name="removeFile" signature="(Ljava/io/File;)V" line-rate="0.0" branch-rate="1.0">
							<lines>
								<line number="58" hits="0" branch="false"/>
								<line number="59" hits="0" branch="false"/>
							</lines>
						</method>
					</methods>
					<lines>
						<line number="34" hits="0" branch="false"/>
						<line number="39" hits="0" branch="false"/>
						<line number="48" hits="0" branch="false"/>
						<line number="49" hits="0" branch="false"/>
						<line number="58" hits="0" branch="false"/>
						<line number="59" hits="0" branch="false"/>
						<line number="67" hits="0" branch="false"/>
						<line number="68" hits="0" branch="false"/>
						<line number="69" hits="0" branch="true" condition-coverage="0 % (0/2)">
							<conditions>
								<condition number="0" type="jump" coverage="0 %"/>
							</conditions>
						</line>
						<line number="70" hits="0" branch="false"/>
						<line number="72" hits="0" branch="false"/>
						<line number="79" hits="0" branch="false"/>
						<line number="80" hits="0" branch="false"/>
						<line number="81" hits="0" branch="true" condition-coverage="0 % (0/2)">
							<conditions>
								<condition number="0" type="jump" coverage="0 %"/>
							</conditions>
						</line>
						<line number="82" hits="0" branch="false"/>
						<line number="83" hits="0" branch="false"/>
						<line number="85" hits="0" branch="false"/>
						<line number="86" hits="0" branch="false"/>
						<line number="87" hits="0" branch="false"/>
						<line number="89" hits="0" branch="false"/>
						<line number="90" hits="0" branch="false"/>
						<line number="91" hits="0" branch="true" condition-coverage="0 % (0/2)">
							<conditions>
								<condition number="0" type="jump" coverage="0 %"/>
							</conditions>
						</line>
						<line number="92" hits="0" branch="false"/>
						<line number="93" hits="0" branch="true" condition-coverage="0 % (0/2)">
							<conditions>
								<condition number="0" type="jump" coverage="0 %"/>
							</conditions>
						</line>
						<line number="94" hits="0" branch="false"/>
						<line number="98" hits="0" branch="false"/>
					</lines>
				</class>
				<class name="it.sauronsoftware.cron4j.GUIDGenerator" filename="it/sauronsoftware/cron4j/GUIDGenerator.java" line-rate="0.0" branch-rate="0.0" complexity="3.111111111111111">
					<methods>
						<method name="&lt;clinit&gt;" signature="()V" line-rate="0.0" branch-rate="1.0">
							<lines>
								<line number="37" hits="0" branch="false"/>
							</lines>
						</method>
						<method name="&lt;init&gt;" signature="()V" line-rate="0.0" branch-rate="1.0">
							<lines>
								<line number="32" hits="0" branch="false"/>
							</lines>
						</method>
						<method name="buildNetworkInterfaceDescriptor" signature="()Ljava/lang/StringBuffer;" line-rate="0.0" branch-rate="0.0">
							<lines>
								<line number="94" hits="0" branch="false"/>
								<line number="95" hits="0" branch="false"/>
								<line number="97" hits="0" branch="false"/>
								<line number="98" hits="0" branch="false"/>
								<line number="99" hits="0" branch="false"/>
								<line number="100" hits="0" branch="true" condition-coverage="0 % (0/2)">
									<conditions>
										<condition number="0" type="jump" coverage="0 %"/>
									</conditions>
								</line>
								<line number="101" hits="0" branch="false"/>
								<line number="102" hits="0" branch="false"/>
								<line number="103" hits="0" branch="false"/>
								<line number="104" hits="0" branch="false"/>
								<line number="105" hits="0" branch="true" condition-coverage="0 % (0/2)">
									<conditions>
										<condition number="0" type="jump" coverage="0 %"/>
									</conditions>
								</line>
								<line number="106" hits="0" branch="false"/>
								<line number="108" hits="0" branch="true" condition-coverage="0 % (0/2)">
									<conditions>
										<condition number="0" type="jump" coverage="0 %"/>
									</conditions>
								</line>
								<line number="109" hits="0" branch="true" condition-coverage="0 % (0/2)">
									<conditions>
										<condition number="0" type="jump" coverage="0 %"/>
									</conditions>
								</line>
								<line number="110" hits="0" branch="false"/>
								<line number="112" hits="0" branch="false"/>
								<line number="114" hits="0" branch="true" condition-coverage="0 % (0/2)">
									<conditions>
										<condition number="0" type="jump" coverage="0 %"/>
									</conditions>
								</line>
								<line number="115" hits="0" branch="true" condition-coverage="0 % (0/2)">
									<conditions>
										<condition number="0" type="jump" coverage="0 %"/>
									</conditions>
								</line>
								<line number="116" hits="0" branch="false"/>
								<line number="118" hits="0" branch="false"/>
								<line number="120" hits="0" branch="false"/>
								<line number="121" hits="0" branch="false"/>
							</lines>
						</method>
						<method name="encode" signature="(Ljava/lang/StringBuffer;I)V" line-rate="0.0" branch-rate="0.0">
							<lines>
								<line number="201" hits="0" branch="false"/>
								<line number="202" hits="0" branch="false"/>
								<line number="203" hits="0" branch="true" condition-coverage="0 % (0/2)">
									<conditions>
										<condition number="0" type="jump" coverage="0 %"/>
									</conditions>
								</line>
								<line number="204" hits="0" branch="false"/>
								<line number="206" hits="0" branch="false"/>
								<line number="207" hits="0" branch="false"/>
							</lines>
						</method>
						<method name="encode" signature="(Ljava/lang/StringBuffer;J)V" line-rate="0.0" branch-rate="0.0">
							<lines>
								<line number="218" hits="0" branch="false"/>
								<line number="219" hits="0" branch="false"/>
								<line number="220" hits="0" branch="true" condition-coverage="0 % (0/2)">
									<conditions>
										<condition number="0" type="jump" coverage="0 %"/>
									</conditions>
								</line>
								<line number="221" hits="0" branch="false"/>
								<line number="223" hits="0" branch="false"/>
								<line number="224" hits="0" branch="false"/>
							</lines>
						</method>
						<method name="encode" signature="(Ljava/lang/StringBuffer;Ljava/lang/Object;)V" line-rate="0.0" branch-rate="1.0">
							<lines>
								<line number="189" hits="0" branch="false"/>
								<line number="190" hits="0" branch="false"/>
							</lines>
						</method>
						<method name="generate" signature="()Ljava/lang/String;" line-rate="0.0" branch-rate="1.0">
							<lines>
								<line number="45" hits="0" branch="false"/>
								<line number="46" hits="0" branch="false"/>
								<line number="47" hits="0" branch="false"/>
								<line number="48" hits="0" branch="false"/>
								<line number="49" hits="0" branch="false"/>
								<line number="50" hits="0" branch="false"/>
								<line number="51" hits="0" branch="false"/>
							</lines>
						</method>
						<method name="getInetAddressDescriptor" signature="(Ljava/net/NetworkInterface;)Ljava/lang/StringBuffer;" line-rate="0.0" branch-rate="0.0">
							<lines>
								<line number="159" hits="0" branch="false"/>
								<line number="160" hits="0" branch="false"/>
								<line number="161" hits="0" branch="true" condition-coverage="0 % (0/2)">
									<conditions>
										<condition number="0" type="jump" coverage="0 %"/>
									</conditions>
								</line>
								<line number="162" hits="0" branch="false"/>
								<line number="163" hits="0" branch="true" condition-coverage="0 % (0/2)">
									<conditions>
										<condition number="0" type="jump" coverage="0 %"/>
									</conditions>
								</line>
								<line number="164" hits="0" branch="false"/>
								<line number="166" hits="0" branch="false"/>
								<line number="167" hits="0" branch="false"/>
								<line number="168" hits="0" branch="false"/>
							</lines>
						</method>
						<method name="getMACAddressDescriptor" signature="(Ljava/net/NetworkInterface;)Ljava/lang/StringBuffer;" line-rate="0.0" branch-rate="0.0">
							<lines>
								<line number="132" hits="0" branch="false"/>
								<line number="133" hits="0" branch="false"/>
								<line number="135" hits="0" branch="false"/>
								<line number="136" hits="0" branch="false"/>
								<line number="137" hits="0" branch="false"/>
								<line number="138" hits="0" branch="true" condition-coverage="0 % (0/2)">
									<conditions>
										<condition number="0" type="jump" coverage="0 %"/>
									</conditions>
								</line>
								<line number="139" hits="0" branch="true" condition-coverage="0 % (0/2)">
									<conditions>
										<condition number="0" type="jump" coverage="0 %"/>
									</conditions>
								</line>
								<line number="140" hits="0" branch="true" condition-coverage="0 % (0/2)">
									<conditions>
										<condition number="0" type="jump" coverage="0 %"/>
									</conditions>
								</line>
								<line number="141" hits="0" branch="false"/>
								<line number="143" hits="0" branch="false"/>
								<line number="144" hits="0" branch="true" condition-coverage="0 % (0/2)">
									<conditions>
										<condition number="0" type="jump" coverage="0 %"/>
									</conditions>
								</line>
								<line number="145" hits="0" branch="false"/>
								<line number="147" hits="0" branch="false"/>
								<line number="150" hits="0" branch="false"/>
							</lines>
						</method>
						<method name="getMachineDescriptor" signature="()Ljava/lang/String;" line-rate="0.0" branch-rate="0.0">
							<lines>
								<line number="60" hits="0" branch="false"/>
								<line number="61" hits="0" branch="false"/>
								<line number="62" hits="0" branch="false"/>
								<line number="63" hits="0" branch="false"/>
								<line number="64" hits="0" branch="false"/>
								<line number="65" hits="0" branch="false"/>
								<line number="66" hits="0" branch="false"/>
								<line number="67" hits="0" branch="false"/>
								<line number="68" hits="0" branch="false"/>
								<line number="69" hits="0" branch="false"/>
								<line number="70" hits="0" branch="true" condition-coverage="0 % (0/2)">
									<conditions>
										<condition number="0" type="jump" coverage="0 %"/>
									</conditions>
								</line>
								<line number="71" hits="0" branch="false"/>
								<line number="76" hits="0" branch="false"/>
								<line number="77" hits="0" branch="false"/>
								<line number="78" hits="0" branch="false"/>
								<line number="80" hits="0" branch="false"/>
								<line number="82" hits="0" branch="false"/>
							</lines>
						</method>
						<method name="getRandomInt" signature="()I" line-rate="0.0" branch-rate="1.0">
							<lines>
								<line number="177" hits="0" branch="false"/>
							</lines>
						</method>
					</methods>
					<lines>
						<line number="32" hits="0" branch="false"/>
						<line number="37" hits="0" branch="false"/>
						<line number="45" hits="0" branch="false"/>
						<line number="46" hits="0" branch="false"/>
						<line number="47" hits="0" branch="false"/>
						<line number="48" hits="0" branch="false"/>
						<line number="49" hits="0" branch="false"/>
						<line number="50" hits="0" branch="false"/>
						<line number="51" hits="0" branch="false"/>
						<line number="60" hits="0" branch="false"/>
						<line number="61" hits="0" branch="false"/>
						<line number="62" hits="0" branch="false"/>
						<line number="63" hits="0" branch="false"/>
						<line number="64" hits="0" branch="false"/>
						<line number="65" hits="0" branch="false"/>
						<line number="66" hits="0" branch="false"/>
						<line number="67" hits="0" branch="false"/>
						<line number="68" hits="0" branch="false"/>
						<line number="69" hits="0" branch="false"/>
						<line number="70" hits="0" branch="true" condition-coverage="0 % (0/2)">
							<conditions>
								<condition number="0" type="jump" coverage="0 %"/>
							</conditions>
						</line>
						<line number="71" hits="0" branch="false"/>
						<line number="76" hits="0" branch="false"/>
						<line number="77" hits="0" branch="false"/>
						<line number="78" hits="0" branch="false"/>
						<line number="80" hits="0" branch="false"/>
						<line number="82" hits="0" branch="false"/>
						<line number="94" hits="0" branch="false"/>
						<line number="95" hits="0" branch="false"/>
						<line number="97" hits="0" branch="false"/>
						<line number="98" hits="0" branch="false"/>
						<line number="99" hits="0" branch="false"/>
						<line number="100" hits="0" branch="true" condition-coverage="0 % (0/2)">
							<conditions>
								<condition number="0" type="jump" coverage="0 %"/>
							</conditions>
						</line>
						<line number="101" hits="0" branch="false"/>
						<line number="102" hits="0" branch="false"/>
						<line number="103" hits="0" branch="false"/>
						<line number="104" hits="0" branch="false"/>
						<line number="105" hits="0" branch="true" condition-coverage="0 % (0/2)">
							<conditions>
								<condition number="0" type="jump" coverage="0 %"/>
							</conditions>
						</line>
						<line number="106" hits="0" branch="false"/>
						<line number="108" hits="0" branch="true" condition-coverage="0 % (0/2)">
							<conditions>
								<condition number="0" type="jump" coverage="0 %"/>
							</conditions>
						</line>
						<line number="109" hits="0" branch="true" condition-coverage="0 % (0/2)">
							<conditions>
								<condition number="0" type="jump" coverage="0 %"/>
							</conditions>
						</line>
						<line number="110" hits="0" branch="false"/>
						<line number="112" hits="0" branch="false"/>
						<line number="114" hits="0" branch="true" condition-coverage="0 % (0/2)">
							<conditions>
								<condition number="0" type="jump" coverage="0 %"/>
							</conditions>
						</line>
						<line number="115" hits="0" branch="true" condition-coverage="0 % (0/2)">
							<conditions>
								<condition number="0" type="jump" coverage="0 %"/>
							</conditions>
						</line>
						<line number="116" hits="0" branch="false"/>
						<line number="118" hits="0" branch="false"/>
						<line number="120" hits="0" branch="false"/>
						<line number="121" hits="0" branch="false"/>
						<line number="132" hits="0" branch="false"/>
						<line number="133" hits="0" branch="false"/>
						<line number="135" hits="0" branch="false"/>
						<line number="136" hits="0" branch="false"/>
						<line number="137" hits="0" branch="false"/>
						<line number="138" hits="0" branch="true" condition-coverage="0 % (0/2)">
							<conditions>
								<condition number="0" type="jump" coverage="0 %"/>
							</conditions>
						</line>
						<line number="139" hits="0" branch="true" condition-coverage="0 % (0/2)">
							<conditions>
								<condition number="0" type="jump" coverage="0 %"/>
							</conditions>
						</line>
						<line number="140" hits="0" branch="true" condition-coverage="0 % (0/2)">
							<conditions>
								<condition number="0" type="jump" coverage="0 %"/>
							</conditions>
						</line>
						<line number="141" hits="0" branch="false"/>
						<line number="143" hits="0" branch="false"/>
						<line number="144" hits="0" branch="true" condition-coverage="0 % (0/2)">
							<conditions>
								<condition number="0" type="jump" coverage="0 %"/>
							</conditions>
						</line>
						<line number="145" hits="0" branch="false"/>
						<line number="147" hits="0" branch="false"/>
						<line number="150" hits="0" branch="false"/>
						<line number="159" hits="0" branch="false"/>
						<line number="160" hits="0" branch="false"/>
						<line number="161" hits="0" branch="true" condition-coverage="0 % (0/2)">
							<conditions>
								<condition number="0" type="jump" coverage="0 %"/>
							</conditions>
						</line>
						<line number="162" hits="0" branch="false"/>
						<line number="163" hits="0" branch="true" condition-coverage="0 % (0/2)">
							<conditions>
								<condition number="0" type="jump" coverage="0 %"/>
							</conditions>
						</line>
						<line number="164" hits="0" branch="false"/>
						<line number="166" hits="0" branch="false"/>
						<line number="167" hits="0" branch="false"/>
						<line number="168" hits="0" branch="false"/>
						<line number="177" hits="0" branch="false"/>
						<line number="189" hits="0" branch="false"/>
						<line number="190" hits="0" branch="false"/>
						<line number="201" hits="0" branch="false"/>
						<line number="202" hits="0" branch="false"/>
						<line number="203" hits="0" branch="true" condition-coverage="0 % (0/2)">
							<conditions>
								<condition number="0" type="jump" coverage="0 %"/>
							</conditions>
						</line>
						<line number="204" hits="0" branch="false"/>
						<line number="206" hits="0" branch="false"/>
						<line number="207" hits="0" branch="false"/>
						<line number="218" hits="0" branch="false"/>
						<line number="219" hits="0" branch="false"/>
						<line number="220" hits="0" branch="true" condition-coverage="0 % (0/2)">
							<conditions>
								<condition number="0" type="jump" coverage="0 %"/>
							</conditions>
						</line>
						<line number="221" hits="0" branch="false"/>
						<line number="223" hits="0" branch="false"/>
						<line number="224" hits="0" branch="false"/>
					</lines>
				</class>
				<class name="it.sauronsoftware.cron4j.IntArrayValueMatcher" filename="it/sauronsoftware/cron4j/IntArrayValueMatcher.java" line-rate="0.5384615384615384" branch-rate="0.3333333333333333" complexity="4.0">
					<methods>
						<method name="&lt;init&gt;" signature="(Ljava/util/ArrayList;)V" line-rate="0.7777777777777778" branch-rate="1.0">
							<lines>
								<line number="46" hits="40" branch="false"/>
								<line number="47" hits="40" branch="false"/>
								<line number="48" hits="40" branch="false"/>
								<line number="49" hits="80" branch="true" condition-coverage="100 % (2/2)">
									<conditions>
										<condition number="0" type="jump" coverage="100 %"/>
									</conditions>
								</line>
								<line number="51" hits="40" branch="false"/>
								<line number="52" hits="0" branch="false"/>
								<line number="53" hits="0" branch="false"/>
								<line number="54" hits="40" branch="false"/>
								<line number="56" hits="40" branch="false"/>
							</lines>
						</method>
						<method name="match" signature="(I)Z" line-rate="0.0" branch-rate="0.0">
							<lines>
								<line number="62" hits="0" branch="true" condition-coverage="0 % (0/2)">
									<conditions>
										<condition number="0" type="jump" coverage="0 %"/>
									</conditions>
								</line>
								<line number="63" hits="0" branch="true" condition-coverage="0 % (0/2)">
									<conditions>
										<condition number="0" type="jump" coverage="0 %"/>
									</conditions>
								</line>
								<line number="64" hits="0" branch="false"/>
								<line number="67" hits="0" branch="false"/>
							</lines>
						</method>
					</methods>
					<lines>
						<line number="46" hits="40" branch="false"/>
						<line number="47" hits="40" branch="false"/>
						<line number="48" hits="40" branch="false"/>
						<line number="49" hits="80" branch="true" condition-coverage="100 % (2/2)">
							<conditions>
								<condition number="0" type="jump" coverage="100 %"/>
							</conditions>
						</line>
						<line number="51" hits="40" branch="false"/>
						<line number="52" hits="0" branch="false"/>
						<line number="53" hits="0" branch="false"/>
						<line number="54" hits="40" branch="false"/>
						<line number="56" hits="40" branch="false"/>
						<line number="62" hits="0" branch="true" condition-coverage="0 % (0/2)">
							<conditions>
								<condition number="0" type="jump" coverage="0 %"/>
							</conditions>
						</line>
						<line number="63" hits="0" branch="true" condition-coverage="0 % (0/2)">
							<conditions>
								<condition number="0" type="jump" coverage="0 %"/>
							</conditions>
						</line>
						<line number="64" hits="0" branch="false"/>
						<line number="67" hits="0" branch="false"/>
					</lines>
				</class>
				<class name="it.sauronsoftware.cron4j.InvalidPatternException" filename="it/sauronsoftware/cron4j/InvalidPatternException.java" line-rate="0.5" branch-rate="1.0" complexity="1.0">
					<methods>
						<method name="&lt;init&gt;" signature="()V" line-rate="0.0" branch-rate="1.0">
							<lines>
								<line number="36" hits="0" branch="false"/>
								<line number="37" hits="0" branch="false"/>
							</lines>
						</method>
						<method name="&lt;init&gt;" signature="(Ljava/lang/String;)V" line-rate="1.0" branch-rate="1.0">
							<lines>
								<line number="43" hits="5" branch="false"/>
								<line number="44" hits="5" branch="false"/>
							</lines>
						</method>
					</methods>
					<lines>
						<line number="36" hits="0" branch="false"/>
						<line number="37" hits="0" branch="false"/>
						<line number="43" hits="5" branch="false"/>
						<line number="44" hits="5" branch="false"/>
					</lines>
				</class>
				<class name="it.sauronsoftware.cron4j.LauncherThread" filename="it/sauronsoftware/cron4j/LauncherThread.java" line-rate="0.0" branch-rate="0.0" complexity="2.3333333333333335">
					<methods>
						<method name="&lt;init&gt;" signature="(Lit/sauronsoftware/cron4j/Scheduler;[Lit/sauronsoftware/cron4j/TaskCollector;J)V" line-rate="0.0" branch-rate="1.0">
							<lines>
								<line number="35" hits="0" branch="false"/>
								<line number="63" hits="0" branch="false"/>
								<line number="64" hits="0" branch="false"/>
								<line number="65" hits="0" branch="false"/>
								<line number="66" hits="0" branch="false"/>
								<line number="68" hits="0" branch="false"/>
								<line number="70" hits="0" branch="false"/>
								<line number="71" hits="0" branch="false"/>
							</lines>
						</method>
						<method name="getGuid" signature="()Ljava/lang/Object;" line-rate="0.0" branch-rate="1.0">
							<lines>
								<line number="79" hits="0" branch="false"/>
							</lines>
						</method>
						<method name="run" signature="()V" line-rate="0.0" branch-rate="0.0">
							<lines>
								<line number="86" hits="0" branch="true" condition-coverage="0 % (0/2)">
									<conditions>
										<condition number="0" type="jump" coverage="0 %"/>
									</conditions>
								</line>
								<line number="87" hits="0" branch="false"/>
								<line number="88" hits="0" branch="false"/>
								<line number="89" hits="0" branch="true" condition-coverage="0 % (0/2)">
									<conditions>
										<condition number="0" type="jump" coverage="0 %"/>
									</conditions>
								</line>
								<line number="90" hits="0" branch="true" condition-coverage="0 % (0/2)">
									<conditions>
										<condition number="0" type="jump" coverage="0 %"/>
									</conditions>
								</line>
								<line number="91" hits="0" branch="false"/>
								<line number="93" hits="0" branch="false"/>
								<line number="94" hits="0" branch="true" condition-coverage="0 % (0/2)">
									<conditions>
										<condition number="0" type="jump" coverage="0 %"/>
									</conditions>
								</line>
								<line number="95" hits="0" branch="false"/>
								<line number="96" hits="0" branch="false"/>
								<line number="101" hits="0" branch="false"/>
								<line number="102" hits="0" branch="false"/>
							</lines>
						</method>
					</methods>
					<lines>
						<line number="35" hits="0" branch="false"/>
						<line number="63" hits="0" branch="false"/>
						<line number="64" hits="0" branch="false"/>
						<line number="65" hits="0" branch="false"/>
						<line number="66" hits="0" branch="false"/>
						<line number="68" hits="0" branch="false"/>
						<line number="70" hits="0" branch="false"/>
						<line number="71" hits="0" branch="false"/>
						<line number="79" hits="0" branch="false"/>
						<line number="86" hits="0" branch="true" condition-coverage="0 % (0/2)">
							<conditions>
								<condition number="0" type="jump" coverage="0 %"/>
							</conditions>
						</line>
						<line number="87" hits="0" branch="false"/>
						<line number="88" hits="0" branch="false"/>
						<line number="89" hits="0" branch="true" condition-coverage="0 % (0/2)">
							<conditions>
								<condition number="0" type="jump" coverage="0 %"/>
							</conditions>
						</line>
						<line number="90" hits="0" branch="true" condition-coverage="0 % (0/2)">
							<conditions>
								<condition number="0" type="jump" coverage="0 %"/>
							</conditions>
						</line>
						<line number="91" hits="0" branch="false"/>
						<line number="93" hits="0" branch="false"/>
						<line number="94" hits="0" branch="true" condition-coverage="0 % (0/2)">
							<conditions>
								<condition number="0" type="jump" coverage="0 %"/>
							</conditions>
						</line>
						<line number="95" hits="0" branch="false"/>
						<line number="96" hits="0" branch="false"/>
						<line number="101" hits="0" branch="false"/>
						<line number="102" hits="0" branch="false"/>
					</lines>
				</class>
				<class name="it.sauronsoftware.cron4j.MemoryTaskCollector" filename="it/sauronsoftware/cron4j/MemoryTaskCollector.java" line-rate="0.0" branch-rate="0.0" complexity="2.0">
					<methods>
						<method name="&lt;init&gt;" signature="()V" line-rate="0.0" branch-rate="1.0">
							<lines>
								<line number="31" hits="0" branch="false"/>
								<line number="36" hits="0" branch="false"/>
								<line number="41" hits="0" branch="false"/>
								<line number="46" hits="0" branch="false"/>
								<line number="51" hits="0" branch="false"/>
							</lines>
						</method>
						<method name="add" signature="(Lit/sauronsoftware/cron4j/SchedulingPattern;Lit/sauronsoftware/cron4j/Task;)Ljava/lang/String;" line-rate="0.0" branch-rate="1.0">
							<lines>
								<line number="72" hits="0" branch="false"/>
								<line number="73" hits="0" branch="false"/>
								<line number="74" hits="0" branch="false"/>
								<line number="75" hits="0" branch="false"/>
								<line number="76" hits="0" branch="false"/>
							</lines>
						</method>
						<method name="getSchedulingPattern" signature="(Ljava/lang/String;)Lit/sauronsoftware/cron4j/SchedulingPattern;" line-rate="0.0" branch-rate="0.0">
							<lines>
								<line number="133" hits="0" branch="false"/>
								<line number="134" hits="0" branch="true" condition-coverage="0 % (0/2)">
									<conditions>
										<condition number="0" type="jump" coverage="0 %"/>
									</conditions>
								</line>
								<line number="135" hits="0" branch="false"/>
								<line number="137" hits="0" branch="false"/>
							</lines>
						</method>
						<method name="getTask" signature="(Ljava/lang/String;)Lit/sauronsoftware/cron4j/Task;" line-rate="0.0" branch-rate="0.0">
							<lines>
								<line number="116" hits="0" branch="false"/>
								<line number="117" hits="0" branch="true" condition-coverage="0 % (0/2)">
									<conditions>
										<condition number="0" type="jump" coverage="0 %"/>
									</conditions>
								</line>
								<line number="118" hits="0" branch="false"/>
								<line number="120" hits="0" branch="false"/>
							</lines>
						</method>
						<method name="getTasks" signature="()Lit/sauronsoftware/cron4j/TaskTable;" line-rate="0.0" branch-rate="0.0">
							<lines>
								<line number="145" hits="0" branch="false"/>
								<line number="146" hits="0" branch="false"/>
								<line number="147" hits="0" branch="true" condition-coverage="0 % (0/2)">
									<conditions>
										<condition number="0" type="jump" coverage="0 %"/>
									</conditions>
								</line>
								<line number="148" hits="0" branch="false"/>
								<line number="149" hits="0" branch="false"/>
								<line number="150" hits="0" branch="false"/>
								<line number="152" hits="0" branch="false"/>
							</lines>
						</method>
						<method name="remove" signature="(Ljava/lang/String;)V" line-rate="0.0" branch-rate="0.0">
							<lines>
								<line number="99" hits="0" branch="false"/>
								<line number="100" hits="0" branch="true" condition-coverage="0 % (0/2)">
									<conditions>
										<condition number="0" type="jump" coverage="0 %"/>
									</conditions>
								</line>
								<line number="101" hits="0" branch="false"/>
								<line number="102" hits="0" branch="false"/>
								<line number="103" hits="0" branch="false"/>
								<line number="105" hits="0" branch="false"/>
							</lines>
						</method>
						<method name="size" signature="()I" line-rate="0.0" branch-rate="1.0">
							<lines>
								<line number="59" hits="0" branch="false"/>
							</lines>
						</method>
						<method name="update" signature="(Ljava/lang/String;Lit/sauronsoftware/cron4j/SchedulingPattern;)V" line-rate="0.0" branch-rate="0.0">
							<lines>
								<line number="86" hits="0" branch="false"/>
								<line number="87" hits="0" branch="true" condition-coverage="0 % (0/2)">
									<conditions>
										<condition number="0" type="jump" coverage="0 %"/>
									</conditions>
								</line>
								<line number="88" hits="0" branch="false"/>
								<line number="90" hits="0" branch="false"/>
							</lines>
						</method>
					</methods>
					<lines>
						<line number="31" hits="0" branch="false"/>
						<line number="36" hits="0" branch="false"/>
						<line number="41" hits="0" branch="false"/>
						<line number="46" hits="0" branch="false"/>
						<line number="51" hits="0" branch="false"/>
						<line number="59" hits="0" branch="false"/>
						<line number="72" hits="0" branch="false"/>
						<line number="73" hits="0" branch="false"/>
						<line number="74" hits="0" branch="false"/>
						<line number="75" hits="0" branch="false"/>
						<line number="76" hits="0" branch="false"/>
						<line number="86" hits="0" branch="false"/>
						<line number="87" hits="0" branch="true" condition-coverage="0 % (0/2)">
							<conditions>
								<condition number="0" type="jump" coverage="0 %"/>
							</conditions>
						</line>
						<line number="88" hits="0" branch="false"/>
						<line number="90" hits="0" branch="false"/>
						<line number="99" hits="0" branch="false"/>
						<line number="100" hits="0" branch="true" condition-coverage="0 % (0/2)">
							<conditions>
								<condition number="0" type="jump" coverage="0 %"/>
							</conditions>
						</line>
						<line number="101" hits="0" branch="false"/>
						<line number="102" hits="0" branch="false"/>
						<line number="103" hits="0" branch="false"/>
						<line number="105" hits="0" branch="false"/>
						<line number="116" hits="0" branch="false"/>
						<line number="117" hits="0" branch="true" condition-coverage="0 % (0/2)">
							<conditions>
								<condition number="0" type="jump" coverage="0 %"/>
							</conditions>
						</line>
						<line number="118" hits="0" branch="false"/>
						<line number="120" hits="0" branch="false"/>
						<line number="133" hits="0" branch="false"/>
						<line number="134" hits="0" branch="true" condition-coverage="0 % (0/2)">
							<conditions>
								<condition number="0" type="jump" coverage="0 %"/>
							</conditions>
						</line>
						<line number="135" hits="0" branch="false"/>
						<line number="137" hits="0" branch="false"/>
						<line number="145" hits="0" branch="false"/>
						<line number="146" hits="0" branch="false"/>
						<line number="147" hits="0" branch="true" condition-coverage="0 % (0/2)">
							<conditions>
								<condition number="0" type="jump" coverage="0 %"/>
							</conditions>
						</line>
						<line number="148" hits="0" branch="false"/>
						<line number="149" hits="0" branch="false"/>
						<line number="150" hits="0" branch="false"/>
						<line number="152" hits="0" branch="false"/>
					</lines>
				</class>
				<class name="it.sauronsoftware.cron4j.Predictor" filename="it/sauronsoftware/cron4j/Predictor.java" line-rate="0.0" branch-rate="0.0" complexity="3.888888888888889">
					<methods>
						<method name="&lt;init&gt;" signature="(Lit/sauronsoftware/cron4j/SchedulingPattern;)V" line-rate="0.0" branch-rate="1.0">
							<lines>
								<line number="144" hits="0" branch="false"/>
								<line number="145" hits="0" branch="false"/>
							</lines>
						</method>
						<method name="&lt;init&gt;" signature="(Lit/sauronsoftware/cron4j/SchedulingPattern;J)V" line-rate="0.0" branch-rate="1.0">
							<lines>
								<line number="62" hits="0" branch="false"/>
								<line number="117" hits="0" branch="false"/>
								<line number="118" hits="0" branch="false"/>
								<line number="119" hits="0" branch="false"/>
								<line number="120" hits="0" branch="false"/>
							</lines>
						</method>
						<method name="&lt;init&gt;" signature="(Lit/sauronsoftware/cron4j/SchedulingPattern;Ljava/util/Date;)V" line-rate="0.0" branch-rate="1.0">
							<lines>
								<line number="132" hits="0" branch="false"/>
								<line number="133" hits="0" branch="false"/>
							</lines>
						</method>
						<method name="&lt;init&gt;" signature="(Ljava/lang/String;)V" line-rate="0.0" branch-rate="1.0">
							<lines>
								<line number="105" hits="0" branch="false"/>
[...]
						<line number="311" hits="0" branch="false"/>
						<line number="312" hits="0" branch="false"/>
						<line number="315" hits="0" branch="false"/>
						<line number="317" hits="0" branch="false"/>
						<line number="328" hits="0" branch="true" condition-coverage="0 % (0/2)">
							<conditions>
								<condition number="0" type="jump" coverage="0 %"/>
							</conditions>
						</line>
						<line number="329" hits="0" branch="false"/>
						<line number="331" hits="0" branch="false"/>
						<line number="340" hits="0" branch="true" condition-coverage="0 % (0/2)">
							<conditions>
								<condition number="0" type="jump" coverage="0 %"/>
							</conditions>
						</line>
						<line number="341" hits="0" branch="false"/>
						<line number="343" hits="0" branch="false"/>
						<line number="357" hits="0" branch="true" condition-coverage="0 % (0/2)">
							<conditions>
								<condition number="0" type="jump" coverage="0 %"/>
							</conditions>
						</line>
						<line number="358" hits="0" branch="false"/>
						<line number="361" hits="0" branch="false"/>
						<line number="374" hits="0" branch="true" condition-coverage="0 % (0/2)">
							<conditions>
								<condition number="0" type="jump" coverage="0 %"/>
							</conditions>
						</line>
						<line number="375" hits="0" branch="false"/>
						<line number="378" hits="0" branch="false"/>
						<line number="387" hits="0" branch="false"/>
						<line number="396" hits="0" branch="false"/>
						<line number="403" hits="0" branch="false"/>
						<line number="404" hits="0" branch="true" condition-coverage="0 % (0/2)">
							<conditions>
								<condition number="0" type="jump" coverage="0 %"/>
							</conditions>
						</line>
						<line number="405" hits="0" branch="false"/>
						<line number="406" hits="0" branch="false"/>
						<line number="407" hits="0" branch="false"/>
						<line number="408" hits="0" branch="false"/>
						<line number="409" hits="0" branch="false"/>
						<line number="416" hits="0" branch="false"/>
						<line number="417" hits="0" branch="true" condition-coverage="0 % (0/2)">
							<conditions>
								<condition number="0" type="jump" coverage="0 %"/>
							</conditions>
						</line>
						<line number="418" hits="0" branch="false"/>
						<line number="419" hits="0" branch="false"/>
						<line number="420" hits="0" branch="false"/>
						<line number="421" hits="0" branch="false"/>
						<line number="422" hits="0" branch="false"/>
						<line number="428" hits="0" branch="false"/>
						<line number="429" hits="0" branch="true" condition-coverage="0 % (0/2)">
							<conditions>
								<condition number="0" type="jump" coverage="0 %"/>
							</conditions>
						</line>
						<line number="430" hits="0" branch="false"/>
						<line number="431" hits="0" branch="false"/>
						<line number="432" hits="0" branch="false"/>
						<line number="433" hits="0" branch="false"/>
						<line number="434" hits="0" branch="false"/>
						<line number="444" hits="0" branch="false"/>
						<line number="445" hits="0" branch="true" condition-coverage="0 % (0/2)">
							<conditions>
								<condition number="0" type="jump" coverage="0 %"/>
							</conditions>
						</line>
						<line number="446" hits="0" branch="false"/>
						<line number="447" hits="0" branch="false"/>
						<line number="448" hits="0" branch="false"/>
						<line number="449" hits="0" branch="false"/>
						<line number="450" hits="0" branch="false"/>
						<line number="459" hits="0" branch="false"/>
						<line number="460" hits="0" branch="true" condition-coverage="0 % (0/2)">
							<conditions>
								<condition number="0" type="jump" coverage="0 %"/>
							</conditions>
						</line>
						<line number="461" hits="0" branch="false"/>
						<line number="462" hits="0" branch="false"/>
						<line number="463" hits="0" branch="false"/>
						<line number="464" hits="0" branch="false"/>
						<line number="465" hits="0" branch="false"/>
						<line number="474" hits="0" branch="false"/>
						<line number="475" hits="0" branch="true" condition-coverage="0 % (0/2)">
							<conditions>
								<condition number="0" type="jump" coverage="0 %"/>
							</conditions>
						</line>
						<line number="476" hits="0" branch="false"/>
						<line number="477" hits="0" branch="false"/>
						<line number="478" hits="0" branch="false"/>
						<line number="479" hits="0" branch="false"/>
						<line number="480" hits="0" branch="false"/>
					</lines>
				</class>
				<class name="it.sauronsoftware.cron4j.TaskExecutor$1" filename="it/sauronsoftware/cron4j/TaskExecutor.java" line-rate="1.0" branch-rate="1.0" complexity="1.9189189189189189">
					<methods>
					</methods>
					<lines>
					</lines>
				</class>
				<class name="it.sauronsoftware.cron4j.TaskExecutor$MyContext" filename="it/sauronsoftware/cron4j/TaskExecutor.java" line-rate="0.0" branch-rate="0.0" complexity="1.9189189189189189">
					<methods>
						<method name="&lt;init&gt;" signature="(Lit/sauronsoftware/cron4j/TaskExecutor;)V" line-rate="0.0" branch-rate="1.0">
							<lines>
								<line number="520" hits="0" branch="false"/>
								<line number="525" hits="0" branch="false"/>
							</lines>
						</method>
						<method name="&lt;init&gt;" signature="(Lit/sauronsoftware/cron4j/TaskExecutor;Lit/sauronsoftware/cron4j/TaskExecutor$1;)V" line-rate="0.0" branch-rate="1.0">
							<lines>
								<line number="515" hits="0" branch="false"/>
							</lines>
						</method>
						<method name="getCompleteness" signature="()D" line-rate="0.0" branch-rate="1.0">
							<lines>
								<line number="580" hits="0" branch="false"/>
							</lines>
						</method>
						<method name="getScheduler" signature="()Lit/sauronsoftware/cron4j/Scheduler;" line-rate="0.0" branch-rate="1.0">
							<lines>
								<line number="528" hits="0" branch="false"/>
							</lines>
						</method>
						<method name="getStatusMessage" signature="()Ljava/lang/String;" line-rate="0.0" branch-rate="1.0">
							<lines>
								<line number="569" hits="0" branch="false"/>
							</lines>
						</method>
						<method name="getTaskExecutor" signature="()Lit/sauronsoftware/cron4j/TaskExecutor;" line-rate="0.0" branch-rate="1.0">
							<lines>
								<line number="532" hits="0" branch="false"/>
							</lines>
						</method>
						<method name="isStopped" signature="()Z" line-rate="0.0" branch-rate="1.0">
							<lines>
								<line number="536" hits="0" branch="false"/>
							</lines>
						</method>
						<method name="pauseIfRequested" signature="()V" line-rate="0.0" branch-rate="0.0">
							<lines>
								<line number="540" hits="0" branch="false"/>
								<line number="541" hits="0" branch="true" condition-coverage="0 % (0/2)">
									<conditions>
										<condition number="0" type="jump" coverage="0 %"/>
									</conditions>
								</line>
								<line number="543" hits="0" branch="false"/>
								<line number="544" hits="0" branch="false"/>
								<line number="546" hits="0" branch="false"/>
								<line number="548" hits="0" branch="false"/>
								<line number="549" hits="0" branch="false"/>
							</lines>
						</method>
						<method name="setCompleteness" signature="(D)V" line-rate="0.0" branch-rate="0.0">
							<lines>
								<line number="552" hits="0" branch="true" condition-coverage="0 % (0/4)">
									<conditions>
										<condition number="0" type="jump" coverage="0 %"/>
										<condition number="1" type="jump" coverage="0 %"/>
									</conditions>
								</line>
								<line number="553" hits="0" branch="false"/>
								<line number="554" hits="0" branch="false"/>
								<line number="556" hits="0" branch="false"/>
							</lines>
						</method>
						<method name="setStatusMessage" signature="(Ljava/lang/String;)V" line-rate="0.0" branch-rate="0.0">
							<lines>
								<line number="559" hits="0" branch="true" condition-coverage="0 % (0/2)">
									<conditions>
										<condition number="0" type="jump" coverage="0 %"/>
									</conditions>
								</line>
								<line number="560" hits="0" branch="false"/>
								<line number="561" hits="0" branch="false"/>
							</lines>
						</method>
					</methods>
					<lines>
						<line number="515" hits="0" branch="false"/>
						<line number="520" hits="0" branch="false"/>
						<line number="525" hits="0" branch="false"/>
						<line number="528" hits="0" branch="false"/>
						<line number="532" hits="0" branch="false"/>
						<line number="536" hits="0" branch="false"/>
						<line number="540" hits="0" branch="false"/>
						<line number="541" hits="0" branch="true" condition-coverage="0 % (0/2)">
							<conditions>
								<condition number="0" type="jump" coverage="0 %"/>
							</conditions>
						</line>
						<line number="543" hits="0" branch="false"/>
						<line number="544" hits="0" branch="false"/>
						<line number="546" hits="0" branch="false"/>
						<line number="548" hits="0" branch="false"/>
						<line number="549" hits="0" branch="false"/>
						<line number="552" hits="0" branch="true" condition-coverage="0 % (0/4)">
							<conditions>
								<condition number="0" type="jump" coverage="0 %"/>
								<condition number="1" type="jump" coverage="0 %"/>
							</conditions>
						</line>
						<line number="553" hits="0" branch="false"/>
						<line number="554" hits="0" branch="false"/>
						<line number="556" hits="0" branch="false"/>
						<line number="559" hits="0" branch="true" condition-coverage="0 % (0/2)">
							<conditions>
								<condition number="0" type="jump" coverage="0 %"/>
							</conditions>
						</line>
						<line number="560" hits="0" branch="false"/>
						<line number="561" hits="0" branch="false"/>
						<line number="569" hits="0" branch="false"/>
						<line number="580" hits="0" branch="false"/>
					</lines>
				</class>
				<class name="it.sauronsoftware.cron4j.TaskExecutor$Runner" filename="it/sauronsoftware/cron4j/TaskExecutor.java" line-rate="0.0" branch-rate="1.0" complexity="1.9189189189189189">
					<methods>
						<method name="&lt;init&gt;" signature="(Lit/sauronsoftware/cron4j/TaskExecutor;)V" line-rate="1.0" branch-rate="1.0">
							<lines>
							</lines>
						</method>
						<method name="&lt;init&gt;" signature="(Lit/sauronsoftware/cron4j/TaskExecutor;Lit/sauronsoftware/cron4j/TaskExecutor$1;)V" line-rate="0.0" branch-rate="1.0">
							<lines>
								<line number="485" hits="0" branch="false"/>
							</lines>
						</method>
						<method name="run" signature="()V" line-rate="0.0" branch-rate="1.0">
							<lines>
								<line number="491" hits="0" branch="false"/>
								<line number="492" hits="0" branch="false"/>
								<line number="495" hits="0" branch="false"/>
								<line number="497" hits="0" branch="false"/>
								<line number="499" hits="0" branch="false"/>
								<line number="500" hits="0" branch="false"/>
								<line number="502" hits="0" branch="false"/>
								<line number="503" hits="0" branch="false"/>
								<line number="506" hits="0" branch="false"/>
								<line number="507" hits="0" branch="false"/>
								<line number="508" hits="0" branch="false"/>
								<line number="509" hits="0" branch="false"/>
							</lines>
						</method>
					</methods>
					<lines>
						<line number="485" hits="0" branch="false"/>
						<line number="491" hits="0" branch="false"/>
						<line number="492" hits="0" branch="false"/>
						<line number="495" hits="0" branch="false"/>
						<line number="497" hits="0" branch="false"/>
						<line number="499" hits="0" branch="false"/>
						<line number="500" hits="0" branch="false"/>
						<line number="502" hits="0" branch="false"/>
						<line number="503" hits="0" branch="false"/>
						<line number="506" hits="0" branch="false"/>
						<line number="507" hits="0" branch="false"/>
						<line number="508" hits="0" branch="false"/>
						<line number="509" hits="0" branch="false"/>
					</lines>
				</class>
				<class name="it.sauronsoftware.cron4j.TaskExecutorListener" filename="it/sauronsoftware/cron4j/TaskExecutorListener.java" line-rate="1.0" branch-rate="1.0" complexity="1.0">
					<methods>
					</methods>
					<lines>
					</lines>
				</class>
				<class name="it.sauronsoftware.cron4j.TaskTable" filename="it/sauronsoftware/cron4j/TaskTable.java" line-rate="0.0" branch-rate="1.0" complexity="1.0">
					<methods>
						<method name="&lt;init&gt;" signature="()V" line-rate="0.0" branch-rate="1.0">
							<lines>
								<line number="31" hits="0" branch="false"/>
								<line number="36" hits="0" branch="false"/>
								<line number="41" hits="0" branch="false"/>
								<line number="46" hits="0" branch="false"/>
							</lines>
						</method>
						<method name="add" signature="(Lit/sauronsoftware/cron4j/SchedulingPattern;Lit/sauronsoftware/cron4j/Task;)V" line-rate="0.0" branch-rate="1.0">
							<lines>
								<line number="57" hits="0" branch="false"/>
								<line number="58" hits="0" branch="false"/>
								<line number="59" hits="0" branch="false"/>
								<line number="60" hits="0" branch="false"/>
							</lines>
						</method>
						<method name="getSchedulingPattern" signature="(I)Lit/sauronsoftware/cron4j/SchedulingPattern;" line-rate="0.0" branch-rate="1.0">
							<lines>
								<line number="98" hits="0" branch="false"/>
							</lines>
						</method>
						<method name="getTask" signature="(I)Lit/sauronsoftware/cron4j/Task;" line-rate="0.0" branch-rate="1.0">
							<lines>
								<line number="83" hits="0" branch="false"/>
							</lines>
						</method>
						<method name="remove" signature="(I)V" line-rate="0.0" branch-rate="1.0">
							<lines>
								<line number="111" hits="0" branch="false"/>
								<line number="112" hits="0" branch="false"/>
								<line number="113" hits="0" branch="false"/>
								<line number="114" hits="0" branch="false"/>
							</lines>
						</method>
						<method name="size" signature="()I" line-rate="0.0" branch-rate="1.0">
							<lines>
								<line number="69" hits="0" branch="false"/>
							</lines>
						</method>
					</methods>
					<lines>
						<line number="31" hits="0" branch="false"/>
						<line number="36" hits="0" branch="false"/>
						<line number="41" hits="0" branch="false"/>
						<line number="46" hits="0" branch="false"/>
						<line number="57" hits="0" branch="false"/>
						<line number="58" hits="0" branch="false"/>
						<line number="59" hits="0" branch="false"/>
						<line number="60" hits="0" branch="false"/>
						<line number="69" hits="0" branch="false"/>
						<line number="83" hits="0" branch="false"/>
						<line number="98" hits="0" branch="false"/>
						<line number="111" hits="0" branch="false"/>
						<line number="112" hits="0" branch="false"/>
						<line number="113" hits="0" branch="false"/>
						<line number="114" hits="0" branch="false"/>
					</lines>
				</class>
				<class name="it.sauronsoftware.cron4j.TimerThread" filename="it/sauronsoftware/cron4j/TimerThread.java" line-rate="0.0" branch-rate="0.0" complexity="2.5">
					<methods>
						<method name="&lt;init&gt;" signature="(Lit/sauronsoftware/cron4j/Scheduler;)V" line-rate="0.0" branch-rate="1.0">
							<lines>
								<line number="36" hits="0" branch="false"/>
								<line number="49" hits="0" branch="false"/>
								<line number="50" hits="0" branch="false"/>
								<line number="52" hits="0" branch="false"/>
								<line number="53" hits="0" branch="false"/>
								<line number="54" hits="0" branch="false"/>
							</lines>
						</method>
						<method name="getGuid" signature="()Ljava/lang/Object;" line-rate="0.0" branch-rate="1.0">
							<lines>
								<line number="62" hits="0" branch="false"/>
							</lines>
						</method>
						<method name="run" signature="()V" line-rate="0.0" branch-rate="0.0">
							<lines>
								<line number="98" hits="0" branch="false"/>
								<line number="100" hits="0" branch="false"/>
								<line number="104" hits="0" branch="false"/>
								<line number="105" hits="0" branch="true" condition-coverage="0 % (0/2)">
									<conditions>
										<condition number="0" type="jump" coverage="0 %"/>
									</conditions>
								</line>
								<line number="107" hits="0" branch="false"/>
								<line number="108" hits="0" branch="false"/>
								<line number="110" hits="0" branch="false"/>
								<line number="111" hits="0" branch="false"/>
								<line number="114" hits="0" branch="false"/>
								<line number="116" hits="0" branch="false"/>
								<line number="118" hits="0" branch="false"/>
								<line number="119" hits="0" branch="false"/>
								<line number="121" hits="0" branch="false"/>
								<line number="122" hits="0" branch="false"/>
							</lines>
						</method>
						<method name="safeSleep" signature="(J)V" line-rate="0.0" branch-rate="0.0">
							<lines>
								<line number="80" hits="0" branch="false"/>
								<line number="82" hits="0" branch="false"/>
								<line number="83" hits="0" branch="false"/>
								<line number="84" hits="0" branch="false"/>
								<line number="85" hits="0" branch="true" condition-coverage="0 % (0/2)">
									<conditions>
										<condition number="0" type="jump" coverage="0 %"/>
									</conditions>
								</line>
								<line number="87" hits="0" branch="false"/>
								<line number="89" hits="0" branch="false"/>
								<line number="90" hits="0" branch="true" condition-coverage="0 % (0/2)">
									<conditions>
										<condition number="0" type="jump" coverage="0 %"/>
									</conditions>
								</line>
								<line number="91" hits="0" branch="false"/>
							</lines>
						</method>
					</methods>
					<lines>
						<line number="36" hits="0" branch="false"/>
						<line number="49" hits="0" branch="false"/>
						<line number="50" hits="0" branch="false"/>
						<line number="52" hits="0" branch="false"/>
						<line number="53" hits="0" branch="false"/>
						<line number="54" hits="0" branch="false"/>
						<line number="62" hits="0" branch="false"/>
						<line number="80" hits="0" branch="false"/>
						<line number="82" hits="0" branch="false"/>
						<line number="83" hits="0" branch="false"/>
						<line number="84" hits="0" branch="false"/>
						<line number="85" hits="0" branch="true" condition-coverage="0 % (0/2)">
							<conditions>
								<condition number="0" type="jump" coverage="0 %"/>
							</conditions>
						</line>
						<line number="87" hits="0" branch="false"/>
						<line number="89" hits="0" branch="false"/>
						<line number="90" hits="0" branch="true" condition-coverage="0 % (0/2)">
							<conditions>
								<condition number="0" type="jump" coverage="0 %"/>
							</conditions>
						</line>
						<line number="91" hits="0" branch="false"/>
						<line number="98" hits="0" branch="false"/>
						<line number="100" hits="0" branch="false"/>
						<line number="104" hits="0" branch="false"/>
						<line number="105" hits="0" branch="true" condition-coverage="0 % (0/2)">
							<conditions>
								<condition number="0" type="jump" coverage="0 %"/>
							</conditions>
						</line>
						<line number="107" hits="0" branch="false"/>
						<line number="108" hits="0" branch="false"/>
						<line number="110" hits="0" branch="false"/>
						<line number="111" hits="0" branch="false"/>
						<line number="114" hits="0" branch="false"/>
						<line number="116" hits="0" branch="false"/>
						<line number="118" hits="0" branch="false"/>
						<line number="119" hits="0" branch="false"/>
						<line number="121" hits="0" branch="false"/>
						<line number="122" hits="0" branch="false"/>
					</lines>
				</class>
				<class name="it.sauronsoftware.cron4j.ValueMatcher" filename="it/sauronsoftware/cron4j/ValueMatcher.java" line-rate="1.0" branch-rate="1.0" complexity="1.0">
					<methods>
					</methods>
					<lines>
					</lines>
				</class>
			</classes>
		</package>
	</packages>
</coverage>
